Using pre-set license
Built from '2021.3/staging' branch; Version is '2021.3.15f1 (e8e88683f834) revision 15263878'; Using compiler version '192829333'; Build Type 'Release'
OS: 'Windows 10  (10.0.19045) 64bit Core' Language: 'en' Physical Memory: 32679 MB
BatchMode: 1, IsHumanControllingUs: 0, StartBugReporterOnCrash: 0, Is64bit: 1, IsPro: 1

COMMAND LINE ARGUMENTS:
C:\Program Files\Unity\Hub\Editor\2021.3.15f1\Editor\Unity.exe
-adb2
-batchMode
-noUpm
-name
AssetImportWorker2
-projectPath
C:/Users/tutmi/Documents/GitHub/Car_Dealership/My project (1)
-logFile
Logs/AssetImportWorker2.log
-srvPort
50956
Successfully changed project path to: C:/Users/tutmi/Documents/GitHub/Car_Dealership/My project (1)
C:/Users/tutmi/Documents/GitHub/Car_Dealership/My project (1)
[UnityMemory] Configuration Parameters - Can be set up in boot.config
    "memorysetup-bucket-allocator-granularity=16"
    "memorysetup-bucket-allocator-bucket-count=8"
    "memorysetup-bucket-allocator-block-size=33554432"
    "memorysetup-bucket-allocator-block-count=8"
    "memorysetup-main-allocator-block-size=16777216"
    "memorysetup-thread-allocator-block-size=16777216"
    "memorysetup-gfx-main-allocator-block-size=16777216"
    "memorysetup-gfx-thread-allocator-block-size=16777216"
    "memorysetup-cache-allocator-block-size=4194304"
    "memorysetup-typetree-allocator-block-size=2097152"
    "memorysetup-profiler-bucket-allocator-granularity=16"
    "memorysetup-profiler-bucket-allocator-bucket-count=8"
    "memorysetup-profiler-bucket-allocator-block-size=33554432"
    "memorysetup-profiler-bucket-allocator-block-count=8"
    "memorysetup-profiler-allocator-block-size=16777216"
    "memorysetup-profiler-editor-allocator-block-size=1048576"
    "memorysetup-temp-allocator-size-main=16777216"
    "memorysetup-job-temp-allocator-block-size=2097152"
    "memorysetup-job-temp-allocator-block-size-background=1048576"
    "memorysetup-job-temp-allocator-reduction-small-platforms=262144"
    "memorysetup-temp-allocator-size-background-worker=32768"
    "memorysetup-temp-allocator-size-job-worker=262144"
    "memorysetup-temp-allocator-size-preload-manager=33554432"
    "memorysetup-temp-allocator-size-nav-mesh-worker=65536"
    "memorysetup-temp-allocator-size-audio-worker=65536"
    "memorysetup-temp-allocator-size-cloud-worker=32768"
    "memorysetup-temp-allocator-size-gi-baking-worker=262144"
    "memorysetup-temp-allocator-size-gfx=262144"
Player connection [27564] Host "[IP] 192.168.1.2 [Port] 0 [Flags] 2 [Guid] 1028549482 [EditorId] 1028549482 [Version] 1048832 [Id] WindowsEditor(7,DESKTOP-CQ0KVJC) [Debug] 1 [PackageName] WindowsEditor [ProjectName] Editor" joined multi-casting on [225.0.0.222:54997]...

Player connection [27564] Host "[IP] 192.168.1.2 [Port] 0 [Flags] 2 [Guid] 1028549482 [EditorId] 1028549482 [Version] 1048832 [Id] WindowsEditor(7,DESKTOP-CQ0KVJC) [Debug] 1 [PackageName] WindowsEditor [ProjectName] Editor" joined alternative multi-casting on [225.0.0.222:34997]...

Refreshing native plugins compatible for Editor in 58.28 ms, found 3 plugins.
Preloading 0 native plugins for Editor in 0.00 ms.
Initialize engine version: 2021.3.15f1 (e8e88683f834)
[Subsystems] Discovering subsystems at path C:/Program Files/Unity/Hub/Editor/2021.3.15f1/Editor/Data/Resources/UnitySubsystems
[Subsystems] Discovering subsystems at path C:/Users/tutmi/Documents/GitHub/Car_Dealership/My project (1)/Assets
GfxDevice: creating device client; threaded=0; jobified=0
Direct3D:
    Version:  Direct3D 11.0 [level 11.1]
    Renderer: NVIDIA GeForce RTX 3060 Ti (ID=0x2489)
    Vendor:   NVIDIA
    VRAM:     8038 MB
    Driver:   31.0.15.2756
Initialize mono
Mono path[0] = 'C:/Program Files/Unity/Hub/Editor/2021.3.15f1/Editor/Data/Managed'
Mono path[1] = 'C:/Program Files/Unity/Hub/Editor/2021.3.15f1/Editor/Data/MonoBleedingEdge/lib/mono/unityjit-win32'
Mono config path = 'C:/Program Files/Unity/Hub/Editor/2021.3.15f1/Editor/Data/MonoBleedingEdge/etc'
Using monoOptions --debugger-agent=transport=dt_socket,embedding=1,server=y,suspend=n,address=127.0.0.1:56560
Begin MonoManager ReloadAssembly
Registering precompiled unity dll's ...
Register platform support module: C:/Program Files/Unity/Hub/Editor/2021.3.15f1/Editor/Data/PlaybackEngines/WindowsStandaloneSupport/UnityEditor.WindowsStandalone.Extensions.dll
Registered in 0.006145 seconds.
Native extension for WindowsStandalone target not found
Refreshing native plugins compatible for Editor in 58.35 ms, found 3 plugins.
Preloading 0 native plugins for Editor in 0.00 ms.
Mono: successfully reloaded assembly
- Completed reload, in  0.459 seconds
Domain Reload Profiling:
	ReloadAssembly (459ms)
		BeginReloadAssembly (57ms)
			ExecutionOrderSort (0ms)
			DisableScriptedObjects (0ms)
			BackupInstance (0ms)
			ReleaseScriptingObjects (0ms)
			CreateAndSetChildDomain (1ms)
		EndReloadAssembly (318ms)
			LoadAssemblies (55ms)
			RebuildTransferFunctionScriptingTraits (0ms)
			SetupTypeCache (67ms)
			ReleaseScriptCaches (0ms)
			RebuildScriptCaches (19ms)
			SetupLoadedEditorAssemblies (193ms)
				LogAssemblyErrors (0ms)
				InitializePlatformSupportModulesInManaged (6ms)
				SetLoadedEditorAssemblies (0ms)
				RefreshPlugins (58ms)
				BeforeProcessingInitializeOnLoad (1ms)
				ProcessInitializeOnLoadAttributes (97ms)
				ProcessInitializeOnLoadMethodAttributes (31ms)
				AfterProcessingInitializeOnLoad (0ms)
				EditorAssembliesLoaded (0ms)
			ExecutionOrderSort2 (0ms)
			AwakeInstancesAfterBackupRestoration (0ms)
Platform modules already initialized, skipping
Registering precompiled user dll's ...
Registered in 0.005278 seconds.
Begin MonoManager ReloadAssembly
Symbol file LoadedFromMemory doesn't match image C:\Users\tutmi\Documents\GitHub\Car_Dealership\My project (1)\Library\PackageCache\com.unity.visualscripting@1.7.8\Editor\VisualScripting.Core\Dependencies\YamlDotNet\Unity.VisualScripting.YamlDotNet.dll
Symbol file LoadedFromMemory doesn't match image C:\Users\tutmi\Documents\GitHub\Car_Dealership\My project (1)\Library\PackageCache\com.unity.visualscripting@1.7.8\Editor\VisualScripting.Core\Dependencies\DotNetZip\Unity.VisualScripting.IonicZip.dll
Native extension for WindowsStandalone target not found
Refreshing native plugins compatible for Editor in 0.45 ms, found 3 plugins.
Preloading 0 native plugins for Editor in 0.00 ms.
Mono: successfully reloaded assembly
- Completed reload, in  0.709 seconds
Domain Reload Profiling:
	ReloadAssembly (710ms)
		BeginReloadAssembly (83ms)
			ExecutionOrderSort (0ms)
			DisableScriptedObjects (4ms)
			BackupInstance (0ms)
			ReleaseScriptingObjects (0ms)
			CreateAndSetChildDomain (14ms)
		EndReloadAssembly (545ms)
			LoadAssemblies (59ms)
			RebuildTransferFunctionScriptingTraits (0ms)
			SetupTypeCache (168ms)
			ReleaseScriptCaches (0ms)
			RebuildScriptCaches (33ms)
			SetupLoadedEditorAssemblies (261ms)
				LogAssemblyErrors (0ms)
				InitializePlatformSupportModulesInManaged (4ms)
				SetLoadedEditorAssemblies (0ms)
				RefreshPlugins (0ms)
				BeforeProcessingInitializeOnLoad (67ms)
				ProcessInitializeOnLoadAttributes (166ms)
				ProcessInitializeOnLoadMethodAttributes (17ms)
				AfterProcessingInitializeOnLoad (7ms)
				EditorAssembliesLoaded (0ms)
			ExecutionOrderSort2 (0ms)
			AwakeInstancesAfterBackupRestoration (4ms)
Platform modules already initialized, skipping
========================================================================
Worker process is ready to serve import requests
Launched and connected shader compiler UnityShaderCompiler.exe after 0.04 seconds
Refreshing native plugins compatible for Editor in 0.78 ms, found 3 plugins.
Preloading 0 native plugins for Editor in 0.00 ms.
Unloading 3361 Unused Serialized files (Serialized files now loaded: 0)
Unloading 27 unused Assets / (113.4 KB). Loaded Objects now: 3823.
Memory consumption went from 116.4 MB to 116.3 MB.
Total: 2.221400 ms (FindLiveObjects: 0.178700 ms CreateObjectMapping: 0.082400 ms MarkObjects: 1.876400 ms  DeleteObjects: 0.083200 ms)

AssetImportParameters requested are different than current active one (requested -> active):
  custom:video-decoder-ogg-theora: a1e56fd34408186e4bbccfd4996cb3dc -> 
  custom:container-muxer-webm: aa71ff27fc2769a1b78a27578f13a17b -> 
  custom:container-demuxer-webm: 4f35f7cbe854078d1ac9338744f61a02 -> 
  custom:video-encoder-webm-vp8: eb34c28f22e8b96e1ab97ce403110664 -> 
  custom:audio-encoder-webm-vorbis: bf7c407c2cedff20999df2af8eb42d56 -> 
  custom:framework-win-MediaFoundation: 216162199b28c13a410421893ffa2e32 -> 
  custom:container-demuxer-ogg: 62fdf1f143b41e24485cea50d1cbac27 -> 
  custom:video-decoder-webm-vp8: 9c59270c3fd7afecdb556c50c9e8de78 -> 
  custom:audio-decoder-ogg-vorbis: bf7c407c2cedff20999df2af8eb42d56 -> 
========================================================================
Received Import Request.
  Time since last request: 5440.978414 seconds.
  path: Packages/com.unity.textmeshpro/Editor Resources/Textures/btn_AlignBaseLine.psd
  artifactKey: Guid(8bc445bb79654bf496c92d0407840a92) Importer(815301076,1909f56bfc062723c751e8b465ee728b)
Start importing Packages/com.unity.textmeshpro/Editor Resources/Textures/btn_AlignBaseLine.psd using Guid(8bc445bb79654bf496c92d0407840a92) Importer(815301076,1909f56bfc062723c751e8b465ee728b)  -> (artifact id: 'aa8201d79be9fc423d6f7f3d6d815a96') in 0.056207 seconds 
========================================================================
Received Import Request.
  Time since last request: 0.052166 seconds.
  path: Packages/com.unity.textmeshpro/Editor Resources/Textures/btn_AlignBottom.psd
  artifactKey: Guid(ca51b19024094d1b87f3e07edb0a75fb) Importer(815301076,1909f56bfc062723c751e8b465ee728b)
Start importing Packages/com.unity.textmeshpro/Editor Resources/Textures/btn_AlignBottom.psd using Guid(ca51b19024094d1b87f3e07edb0a75fb) Importer(815301076,1909f56bfc062723c751e8b465ee728b)  -> (artifact id: '688a0ac957d3505814a3661651efcf76') in 0.011276 seconds 
========================================================================
Received Import Request.
  Time since last request: 0.342403 seconds.
  path: Packages/com.unity.textmeshpro/Editor Resources/Textures/btn_AlignCapLine.psd
  artifactKey: Guid(0d9a36012a224080966c7b55896aa0f9) Importer(815301076,1909f56bfc062723c751e8b465ee728b)
Start importing Packages/com.unity.textmeshpro/Editor Resources/Textures/btn_AlignCapLine.psd using Guid(0d9a36012a224080966c7b55896aa0f9) Importer(815301076,1909f56bfc062723c751e8b465ee728b)  -> (artifact id: 'b03fa845761212c2e46fac3b4343677a') in 0.011123 seconds 
========================================================================
Received Import Request.
  Time since last request: 0.023080 seconds.
  path: Packages/com.unity.textmeshpro/Editor Resources/Textures/btn_AlignCenter.psd
  artifactKey: Guid(81ed8c76d2bc4a4c95d092c98af4e58f) Importer(815301076,1909f56bfc062723c751e8b465ee728b)
Start importing Packages/com.unity.textmeshpro/Editor Resources/Textures/btn_AlignCenter.psd using Guid(81ed8c76d2bc4a4c95d092c98af4e58f) Importer(815301076,1909f56bfc062723c751e8b465ee728b)  -> (artifact id: 'aede8093aac20b33f19bb27205017204') in 0.010322 seconds 
========================================================================
Received Import Request.
  Time since last request: 0.009635 seconds.
  path: Packages/com.unity.textmeshpro/Editor Resources/Textures/btn_AlignCenterGeo.psd
  artifactKey: Guid(c76700ea0062413d9f69409b4e9e151b) Importer(815301076,1909f56bfc062723c751e8b465ee728b)
Start importing Packages/com.unity.textmeshpro/Editor Resources/Textures/btn_AlignCenterGeo.psd using Guid(c76700ea0062413d9f69409b4e9e151b) Importer(815301076,1909f56bfc062723c751e8b465ee728b)  -> (artifact id: 'd17bb311e1048bbab1128cbcad5ba461') in 0.010901 seconds 
========================================================================
Received Import Request.
  Time since last request: 135.352475 seconds.
  path: Assets
  artifactKey: Guid(00000000000000001000000000000000) Importer(815301076,1909f56bfc062723c751e8b465ee728b)
Start importing Assets using Guid(00000000000000001000000000000000) Importer(815301076,1909f56bfc062723c751e8b465ee728b)  -> (artifact id: '79842766b460edbeab6a34051e857a80') in 0.005118 seconds 
========================================================================
Received Import Request.
  Time since last request: 9.078556 seconds.
  path: Assets/New Physic Material.physicMaterial
  artifactKey: Guid(9d1fd47fb0ae5984e818a0fa7c29ca6b) Importer(815301076,1909f56bfc062723c751e8b465ee728b)
Start importing Assets/New Physic Material.physicMaterial using Guid(9d1fd47fb0ae5984e818a0fa7c29ca6b) Importer(815301076,1909f56bfc062723c751e8b465ee728b)  -> (artifact id: 'd0878d2118c9f502e642ae3b3448d0a8') in 0.008166 seconds 
========================================================================
Received Import Request.
  Time since last request: 9.758484 seconds.
  path: Assets/Car_D2.mat
  artifactKey: Guid(3bd527759605af5488fd72be9e54188c) Importer(815301076,1909f56bfc062723c751e8b465ee728b)
Start importing Assets/Car_D2.mat using Guid(3bd527759605af5488fd72be9e54188c) Importer(815301076,1909f56bfc062723c751e8b465ee728b)  -> (artifact id: '99696a9232d0d9374f7ce731885b36fd') in 0.065007 seconds 
========================================================================
Received Import Request.
  Time since last request: 7.141395 seconds.
  path: Assets/New Material.mat
  artifactKey: Guid(a4386e6a39ec61043bccdb23ce11b72d) Importer(815301076,1909f56bfc062723c751e8b465ee728b)
Start importing Assets/New Material.mat using Guid(a4386e6a39ec61043bccdb23ce11b72d) Importer(815301076,1909f56bfc062723c751e8b465ee728b)  -> (artifact id: '3d9b0356434476f8a587c4b0f2dc439f') in 0.020210 seconds 
========================================================================
Received Import Request.
  Time since last request: 966.909215 seconds.
  path: Assets/New Material.mat
  artifactKey: Guid(a4386e6a39ec61043bccdb23ce11b72d) Importer(815301076,1909f56bfc062723c751e8b465ee728b)
Start importing Assets/New Material.mat using Guid(a4386e6a39ec61043bccdb23ce11b72d) Importer(815301076,1909f56bfc062723c751e8b465ee728b)  -> (artifact id: 'cc9e6099ee6d8d9888a21830cacf4536') in 0.008028 seconds 
========================================================================
Received Import Request.
  Time since last request: 76.473204 seconds.
  path: Assets/Light_Mat.mat
  artifactKey: Guid(c623377f4b77c24448169e8a8ad98c8b) Importer(815301076,1909f56bfc062723c751e8b465ee728b)
Start importing Assets/Light_Mat.mat using Guid(c623377f4b77c24448169e8a8ad98c8b) Importer(815301076,1909f56bfc062723c751e8b465ee728b)  -> (artifact id: '1f26e240a5805f5ecbc52917c695046d') in 0.009470 seconds 
========================================================================
Received Import Request.
  Time since last request: 5.784238 seconds.
  path: Assets/Glass.mat
  artifactKey: Guid(a4386e6a39ec61043bccdb23ce11b72d) Importer(815301076,1909f56bfc062723c751e8b465ee728b)
Start importing Assets/Glass.mat using Guid(a4386e6a39ec61043bccdb23ce11b72d) Importer(815301076,1909f56bfc062723c751e8b465ee728b)  -> (artifact id: 'c6bed4868c3b5fb01af8ac29babb52d3') in 0.008418 seconds 
========================================================================
Received Import Request.
  Time since last request: 137.847408 seconds.
  path: Assets/Light_Mat.mat
  artifactKey: Guid(c623377f4b77c24448169e8a8ad98c8b) Importer(815301076,1909f56bfc062723c751e8b465ee728b)
Start importing Assets/Light_Mat.mat using Guid(c623377f4b77c24448169e8a8ad98c8b) Importer(815301076,1909f56bfc062723c751e8b465ee728b)  -> (artifact id: '067cca5b01e17324ccb576a198e6acd9') in 0.009874 seconds 
========================================================================
Received Import Request.
  Time since last request: 289.007868 seconds.
  path: Assets/Light_Mat.mat
  artifactKey: Guid(c623377f4b77c24448169e8a8ad98c8b) Importer(815301076,1909f56bfc062723c751e8b465ee728b)
Start importing Assets/Light_Mat.mat using Guid(c623377f4b77c24448169e8a8ad98c8b) Importer(815301076,1909f56bfc062723c751e8b465ee728b)  -> (artifact id: 'bbfa0de58293fff88f475c38feb4d23e') in 0.008271 seconds 
========================================================================
Received Prepare
Registering precompiled user dll's ...
Registered in 0.004759 seconds.
Begin MonoManager ReloadAssembly
Symbol file LoadedFromMemory doesn't match image C:\Users\tutmi\Documents\GitHub\Car_Dealership\My project (1)\Library\PackageCache\com.unity.visualscripting@1.7.8\Editor\VisualScripting.Core\Dependencies\YamlDotNet\Unity.VisualScripting.YamlDotNet.dll
Symbol file LoadedFromMemory doesn't match image C:\Users\tutmi\Documents\GitHub\Car_Dealership\My project (1)\Library\PackageCache\com.unity.visualscripting@1.7.8\Editor\VisualScripting.Core\Dependencies\DotNetZip\Unity.VisualScripting.IonicZip.dll
Native extension for WindowsStandalone target not found
Refreshing native plugins compatible for Editor in 0.52 ms, found 3 plugins.
Preloading 0 native plugins for Editor in 0.00 ms.
Mono: successfully reloaded assembly
- Completed reload, in  0.706 seconds
Domain Reload Profiling:
	ReloadAssembly (706ms)
		BeginReloadAssembly (106ms)
			ExecutionOrderSort (0ms)
			DisableScriptedObjects (3ms)
			BackupInstance (0ms)
			ReleaseScriptingObjects (0ms)
			CreateAndSetChildDomain (28ms)
		EndReloadAssembly (521ms)
			LoadAssemblies (66ms)
			RebuildTransferFunctionScriptingTraits (0ms)
			SetupTypeCache (164ms)
			ReleaseScriptCaches (1ms)
			RebuildScriptCaches (25ms)
			SetupLoadedEditorAssemblies (244ms)
				LogAssemblyErrors (0ms)
				InitializePlatformSupportModulesInManaged (9ms)
				SetLoadedEditorAssemblies (0ms)
				RefreshPlugins (1ms)
				BeforeProcessingInitializeOnLoad (54ms)
				ProcessInitializeOnLoadAttributes (150ms)
				ProcessInitializeOnLoadMethodAttributes (22ms)
				AfterProcessingInitializeOnLoad (7ms)
				EditorAssembliesLoaded (0ms)
			ExecutionOrderSort2 (0ms)
			AwakeInstancesAfterBackupRestoration (4ms)
Platform modules already initialized, skipping
Refreshing native plugins compatible for Editor in 1.57 ms, found 3 plugins.
Preloading 0 native plugins for Editor in 0.00 ms.
Unloading 3356 Unused Serialized files (Serialized files now loaded: 0)
Unloading 20 unused Assets / (79.8 KB). Loaded Objects now: 3871.
Memory consumption went from 121.0 MB to 120.9 MB.
Total: 2.255900 ms (FindLiveObjects: 0.176100 ms CreateObjectMapping: 0.063200 ms MarkObjects: 1.958300 ms  DeleteObjects: 0.057500 ms)

AssetImportParameters requested are different than current active one (requested -> active):
  custom:video-decoder-ogg-theora: a1e56fd34408186e4bbccfd4996cb3dc -> 
  custom:container-muxer-webm: aa71ff27fc2769a1b78a27578f13a17b -> 
  custom:container-demuxer-webm: 4f35f7cbe854078d1ac9338744f61a02 -> 
  custom:video-encoder-webm-vp8: eb34c28f22e8b96e1ab97ce403110664 -> 
  custom:audio-encoder-webm-vorbis: bf7c407c2cedff20999df2af8eb42d56 -> 
  custom:framework-win-MediaFoundation: 216162199b28c13a410421893ffa2e32 -> 
  custom:container-demuxer-ogg: 62fdf1f143b41e24485cea50d1cbac27 -> 
  custom:video-decoder-webm-vp8: 9c59270c3fd7afecdb556c50c9e8de78 -> 
  custom:audio-decoder-ogg-vorbis: bf7c407c2cedff20999df2af8eb42d56 -> 
========================================================================
Received Import Request.
  Time since last request: 500.004009 seconds.
  path: Assets/Wall.mat
  artifactKey: Guid(aab29681476f7e64da699a958c784c9d) Importer(815301076,1909f56bfc062723c751e8b465ee728b)
Start importing Assets/Wall.mat using Guid(aab29681476f7e64da699a958c784c9d) Importer(815301076,1909f56bfc062723c751e8b465ee728b)  -> (artifact id: '01b41363dee93301a5e44d3cfe151213') in 0.055809 seconds 
========================================================================
Received Import Request.
  Time since last request: 72.543198 seconds.
  path: Assets/Floor.mat
  artifactKey: Guid(020bcce7dee1357418b64ee04d7c39c0) Importer(815301076,1909f56bfc062723c751e8b465ee728b)
Start importing Assets/Floor.mat using Guid(020bcce7dee1357418b64ee04d7c39c0) Importer(815301076,1909f56bfc062723c751e8b465ee728b)  -> (artifact id: 'c7f4dd6d84158a4fb323f3a353c556c8') in 0.009887 seconds 
========================================================================
Received Import Request.
  Time since last request: 260.886678 seconds.
  path: Assets/normal-map-tiles-high-quality-natural-background-normal-map-tiles-high-quality-natural-background-241650284.jpg
  artifactKey: Guid(e8172675263b0034196e3a8fb75cf51c) Importer(815301076,1909f56bfc062723c751e8b465ee728b)
Start importing Assets/normal-map-tiles-high-quality-natural-background-normal-map-tiles-high-quality-natural-background-241650284.jpg using Guid(e8172675263b0034196e3a8fb75cf51c) Importer(815301076,1909f56bfc062723c751e8b465ee728b)  -> (artifact id: '070d6b0fa07f262f63541ffb6c23139b') in 0.037963 seconds 
========================================================================
Received Import Request.
  Time since last request: 59.447271 seconds.
  path: Assets/normal-map-tiles-high-quality-natural-background-normal-map-tiles-high-quality-natural-background-241650284.jpg
  artifactKey: Guid(e8172675263b0034196e3a8fb75cf51c) Importer(815301076,1909f56bfc062723c751e8b465ee728b)
Start importing Assets/normal-map-tiles-high-quality-natural-background-normal-map-tiles-high-quality-natural-background-241650284.jpg using Guid(e8172675263b0034196e3a8fb75cf51c) Importer(815301076,1909f56bfc062723c751e8b465ee728b)  -> (artifact id: '192ae6b4697c959b68d06854c48eeaf5') in 0.017021 seconds 
========================================================================
Received Import Request.
  Time since last request: 182.563718 seconds.
  path: Assets/Floor.mat
  artifactKey: Guid(020bcce7dee1357418b64ee04d7c39c0) Importer(815301076,1909f56bfc062723c751e8b465ee728b)
Start importing Assets/Floor.mat using Guid(020bcce7dee1357418b64ee04d7c39c0) Importer(815301076,1909f56bfc062723c751e8b465ee728b)  -> (artifact id: '2fb7001b0c944f567765f20feb83c1a3') in 0.150642 seconds 
========================================================================
Received Import Request.
  Time since last request: 79.288441 seconds.
  path: Assets/14031-normal.jpg
  artifactKey: Guid(4303e79cafcc9ab4eb956b25e074dab6) Importer(815301076,1909f56bfc062723c751e8b465ee728b)
Start importing Assets/14031-normal.jpg using Guid(4303e79cafcc9ab4eb956b25e074dab6) Importer(815301076,1909f56bfc062723c751e8b465ee728b)  -> (artifact id: '50e63911dfcf2f65ce8db9d331ef8f32') in 0.007876 seconds 
========================================================================
Received Import Request.
  Time since last request: 100.124279 seconds.
  path: Assets/Floor.mat
  artifactKey: Guid(020bcce7dee1357418b64ee04d7c39c0) Importer(815301076,1909f56bfc062723c751e8b465ee728b)
Start importing Assets/Floor.mat using Guid(020bcce7dee1357418b64ee04d7c39c0) Importer(815301076,1909f56bfc062723c751e8b465ee728b)  -> (artifact id: 'f60471393c076a2d08dac5d9a80b0662') in 0.012000 seconds 
========================================================================
Received Import Request.
  Time since last request: 692.480574 seconds.
  path: ProjectSettings/TagManager.asset
  artifactKey: Guid(00000000000000003000000000000000) Importer(815301076,1909f56bfc062723c751e8b465ee728b)
Start importing ProjectSettings/TagManager.asset using Guid(00000000000000003000000000000000) Importer(815301076,1909f56bfc062723c751e8b465ee728b)  -> (artifact id: '5f74b9f0782f3ffe8a654b2b60a9f33c') in 0.009331 seconds 
========================================================================
Received Import Request.
  Time since last request: 224.475739 seconds.
  path: ProjectSettings/TagManager.asset
  artifactKey: Guid(00000000000000003000000000000000) Importer(815301076,1909f56bfc062723c751e8b465ee728b)
Start importing ProjectSettings/TagManager.asset using Guid(00000000000000003000000000000000) Importer(815301076,1909f56bfc062723c751e8b465ee728b)  -> (artifact id: 'd31819e4acb0f8298ee36a9505e24719') in 0.001991 seconds 
========================================================================
Received Import Request.
  Time since last request: 1028.387513 seconds.
  path: Assets/Floor.mat
  artifactKey: Guid(020bcce7dee1357418b64ee04d7c39c0) Importer(815301076,1909f56bfc062723c751e8b465ee728b)
Start importing Assets/Floor.mat using Guid(020bcce7dee1357418b64ee04d7c39c0) Importer(815301076,1909f56bfc062723c751e8b465ee728b)  -> (artifact id: '5af50d2cf7e640b887c69e6070e28a66') in 0.008960 seconds 
========================================================================
Received Import Request.
  Time since last request: 4.078694 seconds.
  path: Assets/14031-normal.jpg
  artifactKey: Guid(4303e79cafcc9ab4eb956b25e074dab6) Importer(815301076,1909f56bfc062723c751e8b465ee728b)
Start importing Assets/14031-normal.jpg using Guid(4303e79cafcc9ab4eb956b25e074dab6) Importer(815301076,1909f56bfc062723c751e8b465ee728b)  -> (artifact id: '6a29c98edb4ac09d740b6c362cb5a911') in 0.013879 seconds 
========================================================================
Received Import Request.
  Time since last request: 285.485090 seconds.
  path: ProjectSettings/TagManager.asset
  artifactKey: Guid(00000000000000003000000000000000) Importer(815301076,1909f56bfc062723c751e8b465ee728b)
Start importing ProjectSettings/TagManager.asset using Guid(00000000000000003000000000000000) Importer(815301076,1909f56bfc062723c751e8b465ee728b)  -> (artifact id: '6418dabc56ef3bd93137b175ad095add') in 0.002054 seconds 
AssetImportWorkerClient::OnTransportError - code=10054 error=An existing connection was forcibly closed by the remote host.
